<?xml version="1.0" encoding="UTF-8"?>
<testng-results ignored="0" total="2" passed="2" failed="0" skipped="0">
  <reporter-output>
  </reporter-output>
  <suite started-at="2024-12-03T19:23:08 IST" name="Default suite" finished-at="2024-12-03T19:23:24 IST" duration-ms="15846">
    <groups>
      <group name="cucumber">
        <method signature="AbstractTestNGCucumberTests.runScenario(io.cucumber.testng.PickleWrapper,io.cucumber.testng.FeatureWrapper)[pri:0, instance:runner.runnerClass@6e950bcf]" name="runScenario" class="io.cucumber.testng.AbstractTestNGCucumberTests"/>
      </group> <!-- cucumber -->
    </groups>
    <test started-at="2024-12-03T19:23:08 IST" name="Default test" finished-at="2024-12-03T19:23:24 IST" duration-ms="15846">
      <class name="runner.runnerClass">
        <test-method is-config="true" signature="setUpClass(org.testng.ITestContext)[pri:0, instance:runner.runnerClass@6e950bcf]" started-at="2024-12-03T19:23:09 IST" name="setUpClass" finished-at="2024-12-03T19:23:09 IST" duration-ms="754" status="PASS">
          <params>
            <param index="0">
              <value>
                <![CDATA[org.testng.TestRunner@2bbb44da]]>
              </value>
            </param>
          </params>
          <reporter-output>
          </reporter-output>
        </test-method> <!-- setUpClass -->
        <test-method signature="runScenario(io.cucumber.testng.PickleWrapper,io.cucumber.testng.FeatureWrapper)[pri:0, instance:runner.runnerClass@6e950bcf]" started-at="2024-12-03T19:23:09 IST" name="runScenario" description="Runs Cucumber Scenarios" data-provider="scenarios" finished-at="2024-12-03T19:23:16 IST" duration-ms="7133" status="PASS">
          <params>
            <param index="0">
              <value>
                <![CDATA["Login with Positive Data"]]>
              </value>
            </param>
            <param index="1">
              <value>
                <![CDATA["Login Functionality of Leaftaps Application"]]>
              </value>
            </param>
          </params>
          <reporter-output>
          </reporter-output>
        </test-method> <!-- runScenario -->
        <test-method signature="runScenario(io.cucumber.testng.PickleWrapper,io.cucumber.testng.FeatureWrapper)[pri:0, instance:runner.runnerClass@6e950bcf]" started-at="2024-12-03T19:23:16 IST" name="runScenario" description="Runs Cucumber Scenarios" data-provider="scenarios" finished-at="2024-12-03T19:23:23 IST" duration-ms="6239" status="PASS">
          <params>
            <param index="0">
              <value>
                <![CDATA["Login with Positive Data"]]>
              </value>
            </param>
            <param index="1">
              <value>
                <![CDATA["Login Functionality of Leaftaps Application"]]>
              </value>
            </param>
          </params>
          <reporter-output>
          </reporter-output>
        </test-method> <!-- runScenario -->
        <test-method is-config="true" signature="tearDownClass()[pri:0, instance:runner.runnerClass@6e950bcf]" started-at="2024-12-03T19:23:23 IST" name="tearDownClass" finished-at="2024-12-03T19:23:24 IST" duration-ms="1651" status="PASS">
          <reporter-output>
          </reporter-output>
        </test-method> <!-- tearDownClass -->
      </class> <!-- runner.runnerClass -->
    </test> <!-- Default test -->
  </suite> <!-- Default suite -->
</testng-results>
